<?xml version="1.0" encoding="utf-8"?>
<testsuites errors="10" failures="1" tests="15" time="50.0">
	<testsuite errors="10" failures="1" name="test_multi_junitxml.out" skipped="0" tests="15" time="50.0" timestamp="2019-05-17 17:16:54.437212">
		<testcase>
			<error message="Test output array element 0 is not dictionary. Each test output has to be dictionary, please see doc!" type="ValueError"/>
		</testcase>
		<testcase name="Cannot open expected output">
			<error message="Cannot open expected output payload from file '/some/random/path'" type="IOError"/>
		</testcase>
		<testcase name="Cannot decode json from expected output">
			<error message="Cannot decode json from expected output payload from file 'main_data/no.json', error 'Expecting value: line 1 column 1 (char 0)'" type="ValueError"/>
		</testcase>
		<testcase name="Cannot open returned output">
			<error message="Cannot open returned output payload from file '/some/random/path'" type="IOError"/>
		</testcase>
		<testcase name="Cannot decode json from returned output">
			<error message="Cannot decode json from returned output payload from file 'main_data/no.json', error 'Expecting value: line 1 column 1 (char 0)'" type="ValueError"/>
		</testcase>
		<testcase name="Unknown test type">
			<error message="Unknown test type: BAD TYPE" type="ValueError"/>
		</testcase>
		<testcase name="Failure">
			<failure message="{&quot;values_changed&quot;: {&quot;root['message']&quot;: {&quot;new_value&quot;: &quot;test message 2&quot;, &quot;old_value&quot;: &quot;test message&quot;}}}"/>
		</testcase>
		<testcase name="Success"/>
		<testcase name="Valid time" time="50"/>
		<testcase name="Invalid time"/>
		<testcase/>
		<testcase name="Error from testing phase - only message">
			<error message="error message"/>
		</testcase>
		<testcase name="Error from testing phase - only type">
			<error type="error type"/>
		</testcase>
		<testcase name="Error from testing phase - message and type">
			<error message="error message" type="error type"/>
		</testcase>
		<testcase name="Error from testing phase - message and type and rest of the test definition">
			<error message="error message" type="error type"/>
		</testcase>
	</testsuite>
</testsuites>
